{"/app/src/lib/keyboard.ts": {"path":"/app/src/lib/keyboard.ts","all":false,"statementMap":{"10":{"start":{"line":11,"column":0},"end":{"line":11,"column":65}},"11":{"start":{"line":12,"column":0},"end":{"line":12,"column":23}},"12":{"start":{"line":13,"column":0},"end":{"line":13,"column":28}},"14":{"start":{"line":15,"column":0},"end":{"line":15,"column":52}},"16":{"start":{"line":17,"column":0},"end":{"line":17,"column":128}},"17":{"start":{"line":18,"column":0},"end":{"line":18,"column":13}},"18":{"start":{"line":19,"column":0},"end":{"line":19,"column":5}},"20":{"start":{"line":21,"column":0},"end":{"line":21,"column":36}},"23":{"start":{"line":24,"column":0},"end":{"line":24,"column":27}},"24":{"start":{"line":25,"column":0},"end":{"line":25,"column":62}},"25":{"start":{"line":26,"column":0},"end":{"line":26,"column":13}},"26":{"start":{"line":27,"column":0},"end":{"line":27,"column":5}},"29":{"start":{"line":30,"column":0},"end":{"line":30,"column":30}},"30":{"start":{"line":31,"column":0},"end":{"line":31,"column":34}},"31":{"start":{"line":32,"column":0},"end":{"line":32,"column":37}},"32":{"start":{"line":33,"column":0},"end":{"line":33,"column":43}},"33":{"start":{"line":34,"column":0},"end":{"line":34,"column":47}},"34":{"start":{"line":35,"column":0},"end":{"line":35,"column":49}},"36":{"start":{"line":37,"column":0},"end":{"line":37,"column":17}},"37":{"start":{"line":38,"column":0},"end":{"line":38,"column":36}},"38":{"start":{"line":39,"column":0},"end":{"line":39,"column":7}},"39":{"start":{"line":40,"column":0},"end":{"line":40,"column":41}},"40":{"start":{"line":41,"column":0},"end":{"line":41,"column":13}},"41":{"start":{"line":42,"column":0},"end":{"line":42,"column":5}},"44":{"start":{"line":45,"column":0},"end":{"line":45,"column":18}},"45":{"start":{"line":46,"column":0},"end":{"line":46,"column":50}},"46":{"start":{"line":47,"column":0},"end":{"line":47,"column":49}},"47":{"start":{"line":48,"column":0},"end":{"line":48,"column":49}},"48":{"start":{"line":49,"column":0},"end":{"line":49,"column":64}},"49":{"start":{"line":50,"column":0},"end":{"line":50,"column":49}},"50":{"start":{"line":51,"column":0},"end":{"line":51,"column":17}},"51":{"start":{"line":52,"column":0},"end":{"line":52,"column":87}},"52":{"start":{"line":53,"column":0},"end":{"line":53,"column":26}},"53":{"start":{"line":54,"column":0},"end":{"line":54,"column":29}},"54":{"start":{"line":55,"column":0},"end":{"line":55,"column":30}},"55":{"start":{"line":56,"column":0},"end":{"line":56,"column":9}},"56":{"start":{"line":57,"column":0},"end":{"line":57,"column":14}},"57":{"start":{"line":58,"column":0},"end":{"line":58,"column":7}},"58":{"start":{"line":59,"column":0},"end":{"line":59,"column":15}},"59":{"start":{"line":60,"column":0},"end":{"line":60,"column":26}},"61":{"start":{"line":62,"column":0},"end":{"line":62,"column":76}},"62":{"start":{"line":63,"column":0},"end":{"line":63,"column":14}},"63":{"start":{"line":64,"column":0},"end":{"line":64,"column":5}},"64":{"start":{"line":65,"column":0},"end":{"line":65,"column":4}},"65":{"start":{"line":66,"column":0},"end":{"line":66,"column":1}}},"s":{"10":1,"11":14,"12":14,"14":14,"16":20,"17":1,"18":1,"20":19,"23":20,"24":1,"25":1,"26":1,"29":20,"30":4,"31":4,"32":4,"33":3,"34":2,"36":4,"37":3,"38":3,"39":4,"40":4,"41":4,"44":14,"45":20,"46":20,"47":20,"48":20,"49":20,"50":20,"51":2,"52":2,"53":2,"54":2,"55":2,"56":2,"57":2,"58":20,"59":5,"61":5,"62":5,"63":20,"64":20,"65":14},"branchMap":{"0":{"type":"branch","line":11,"loc":{"start":{"line":11,"column":7},"end":{"line":66,"column":1}},"locations":[{"start":{"line":11,"column":7},"end":{"line":66,"column":1}}]},"1":{"type":"branch","line":15,"loc":{"start":{"line":15,"column":9},"end":{"line":65,"column":4}},"locations":[{"start":{"line":15,"column":9},"end":{"line":65,"column":4}}]},"2":{"type":"branch","line":17,"loc":{"start":{"line":17,"column":28},"end":{"line":17,"column":91}},"locations":[{"start":{"line":17,"column":28},"end":{"line":17,"column":91}}]},"3":{"type":"branch","line":17,"loc":{"start":{"line":17,"column":68},"end":{"line":17,"column":104}},"locations":[{"start":{"line":17,"column":68},"end":{"line":17,"column":104}}]},"4":{"type":"branch","line":17,"loc":{"start":{"line":17,"column":93},"end":{"line":17,"column":117}},"locations":[{"start":{"line":17,"column":93},"end":{"line":17,"column":117}}]},"5":{"type":"branch","line":17,"loc":{"start":{"line":17,"column":106},"end":{"line":17,"column":127}},"locations":[{"start":{"line":17,"column":106},"end":{"line":17,"column":127}}]},"6":{"type":"branch","line":17,"loc":{"start":{"line":17,"column":127},"end":{"line":19,"column":5}},"locations":[{"start":{"line":17,"column":127},"end":{"line":19,"column":5}}]},"7":{"type":"branch","line":19,"loc":{"start":{"line":19,"column":4},"end":{"line":24,"column":26}},"locations":[{"start":{"line":19,"column":4},"end":{"line":24,"column":26}}]},"8":{"type":"branch","line":24,"loc":{"start":{"line":24,"column":26},"end":{"line":27,"column":5}},"locations":[{"start":{"line":24,"column":26},"end":{"line":27,"column":5}}]},"9":{"type":"branch","line":27,"loc":{"start":{"line":27,"column":4},"end":{"line":30,"column":29}},"locations":[{"start":{"line":27,"column":4},"end":{"line":30,"column":29}}]},"10":{"type":"branch","line":30,"loc":{"start":{"line":30,"column":29},"end":{"line":42,"column":5}},"locations":[{"start":{"line":30,"column":29},"end":{"line":42,"column":5}}]},"11":{"type":"branch","line":33,"loc":{"start":{"line":33,"column":23},"end":{"line":33,"column":43}},"locations":[{"start":{"line":33,"column":23},"end":{"line":33,"column":43}}]},"12":{"type":"branch","line":33,"loc":{"start":{"line":33,"column":30},"end":{"line":35,"column":49}},"locations":[{"start":{"line":33,"column":30},"end":{"line":35,"column":49}}]},"13":{"type":"branch","line":34,"loc":{"start":{"line":34,"column":28},"end":{"line":34,"column":47}},"locations":[{"start":{"line":34,"column":28},"end":{"line":34,"column":47}}]},"14":{"type":"branch","line":34,"loc":{"start":{"line":34,"column":35},"end":{"line":35,"column":49}},"locations":[{"start":{"line":34,"column":35},"end":{"line":35,"column":49}}]},"15":{"type":"branch","line":35,"loc":{"start":{"line":35,"column":28},"end":{"line":35,"column":49}},"locations":[{"start":{"line":35,"column":28},"end":{"line":35,"column":49}}]},"16":{"type":"branch","line":37,"loc":{"start":{"line":37,"column":16},"end":{"line":39,"column":7}},"locations":[{"start":{"line":37,"column":16},"end":{"line":39,"column":7}}]},"17":{"type":"branch","line":42,"loc":{"start":{"line":42,"column":4},"end":{"line":45,"column":18}},"locations":[{"start":{"line":42,"column":4},"end":{"line":45,"column":18}}]},"18":{"type":"branch","line":46,"loc":{"start":{"line":46,"column":6},"end":{"line":46,"column":50}},"locations":[{"start":{"line":46,"column":6},"end":{"line":46,"column":50}}]},"19":{"type":"branch","line":47,"loc":{"start":{"line":47,"column":6},"end":{"line":47,"column":49}},"locations":[{"start":{"line":47,"column":6},"end":{"line":47,"column":49}}]},"20":{"type":"branch","line":48,"loc":{"start":{"line":48,"column":6},"end":{"line":48,"column":49}},"locations":[{"start":{"line":48,"column":6},"end":{"line":48,"column":49}}]},"21":{"type":"branch","line":49,"loc":{"start":{"line":49,"column":6},"end":{"line":49,"column":64}},"locations":[{"start":{"line":49,"column":6},"end":{"line":49,"column":64}}]},"22":{"type":"branch","line":50,"loc":{"start":{"line":50,"column":6},"end":{"line":50,"column":49}},"locations":[{"start":{"line":50,"column":6},"end":{"line":50,"column":49}}]},"23":{"type":"branch","line":51,"loc":{"start":{"line":51,"column":6},"end":{"line":58,"column":7}},"locations":[{"start":{"line":51,"column":6},"end":{"line":58,"column":7}}]},"24":{"type":"branch","line":59,"loc":{"start":{"line":59,"column":6},"end":{"line":63,"column":14}},"locations":[{"start":{"line":59,"column":6},"end":{"line":63,"column":14}}]},"25":{"type":"branch","line":62,"loc":{"start":{"line":62,"column":42},"end":{"line":62,"column":70}},"locations":[{"start":{"line":62,"column":42},"end":{"line":62,"column":70}}]}},"b":{"0":[14],"1":[20],"2":[19],"3":[19],"4":[19],"5":[19],"6":[1],"7":[19],"8":[1],"9":[18],"10":[4],"11":[1],"12":[3],"13":[1],"14":[2],"15":[1],"16":[3],"17":[14],"18":[1],"19":[1],"20":[1],"21":[2],"22":[1],"23":[2],"24":[5],"25":[1]},"fnMap":{"0":{"name":"createKeyboardHandler","decl":{"start":{"line":11,"column":7},"end":{"line":66,"column":1}},"loc":{"start":{"line":11,"column":7},"end":{"line":66,"column":1}},"line":11},"1":{"name":"handleKeyPress","decl":{"start":{"line":15,"column":9},"end":{"line":65,"column":4}},"loc":{"start":{"line":15,"column":9},"end":{"line":65,"column":4}},"line":15}},"f":{"0":14,"1":20}}
,"/app/src/lib/rendering.ts": {"path":"/app/src/lib/rendering.ts","all":false,"statementMap":{"2":{"start":{"line":3,"column":0},"end":{"line":3,"column":55}},"3":{"start":{"line":4,"column":0},"end":{"line":4,"column":52}},"4":{"start":{"line":5,"column":0},"end":{"line":5,"column":20}},"6":{"start":{"line":7,"column":0},"end":{"line":7,"column":45}},"7":{"start":{"line":8,"column":0},"end":{"line":8,"column":56}},"8":{"start":{"line":9,"column":0},"end":{"line":9,"column":11}},"9":{"start":{"line":10,"column":0},"end":{"line":10,"column":3}},"11":{"start":{"line":12,"column":0},"end":{"line":12,"column":42}},"12":{"start":{"line":13,"column":0},"end":{"line":13,"column":66}},"13":{"start":{"line":14,"column":0},"end":{"line":14,"column":129}},"14":{"start":{"line":15,"column":0},"end":{"line":15,"column":48}},"15":{"start":{"line":16,"column":0},"end":{"line":16,"column":162}},"16":{"start":{"line":17,"column":0},"end":{"line":17,"column":115}},"18":{"start":{"line":19,"column":0},"end":{"line":19,"column":14}},"19":{"start":{"line":20,"column":0},"end":{"line":20,"column":1}},"21":{"start":{"line":22,"column":0},"end":{"line":22,"column":52}},"22":{"start":{"line":23,"column":0},"end":{"line":23,"column":53}},"23":{"start":{"line":24,"column":0},"end":{"line":24,"column":22}},"25":{"start":{"line":26,"column":0},"end":{"line":26,"column":45}},"26":{"start":{"line":27,"column":0},"end":{"line":27,"column":71}},"27":{"start":{"line":28,"column":0},"end":{"line":28,"column":15}},"28":{"start":{"line":29,"column":0},"end":{"line":29,"column":5}},"30":{"start":{"line":31,"column":0},"end":{"line":31,"column":39}},"31":{"start":{"line":32,"column":0},"end":{"line":32,"column":88}},"32":{"start":{"line":33,"column":0},"end":{"line":33,"column":84}},"33":{"start":{"line":34,"column":0},"end":{"line":34,"column":128}},"34":{"start":{"line":35,"column":0},"end":{"line":35,"column":90}},"35":{"start":{"line":36,"column":0},"end":{"line":36,"column":85}},"36":{"start":{"line":37,"column":0},"end":{"line":37,"column":16}},"38":{"start":{"line":39,"column":0},"end":{"line":39,"column":78}},"39":{"start":{"line":40,"column":0},"end":{"line":40,"column":105}},"40":{"start":{"line":41,"column":0},"end":{"line":41,"column":65}},"41":{"start":{"line":42,"column":0},"end":{"line":42,"column":79}},"44":{"start":{"line":45,"column":0},"end":{"line":45,"column":16}},"45":{"start":{"line":46,"column":0},"end":{"line":46,"column":69}},"46":{"start":{"line":47,"column":0},"end":{"line":47,"column":1}},"48":{"start":{"line":49,"column":0},"end":{"line":49,"column":34}},"49":{"start":{"line":50,"column":0},"end":{"line":50,"column":81}},"50":{"start":{"line":51,"column":0},"end":{"line":51,"column":27}},"52":{"start":{"line":53,"column":0},"end":{"line":53,"column":76}},"53":{"start":{"line":54,"column":0},"end":{"line":54,"column":37}},"55":{"start":{"line":56,"column":0},"end":{"line":56,"column":30}},"56":{"start":{"line":57,"column":0},"end":{"line":57,"column":59}},"57":{"start":{"line":58,"column":0},"end":{"line":58,"column":33}},"58":{"start":{"line":59,"column":0},"end":{"line":59,"column":47}},"59":{"start":{"line":60,"column":0},"end":{"line":60,"column":66}},"60":{"start":{"line":61,"column":0},"end":{"line":61,"column":9}},"61":{"start":{"line":62,"column":0},"end":{"line":62,"column":4}},"62":{"start":{"line":63,"column":0},"end":{"line":63,"column":54}},"63":{"start":{"line":64,"column":0},"end":{"line":64,"column":1}}},"s":{"2":1,"3":3,"4":3,"6":3,"7":1,"8":1,"9":1,"11":1,"12":2,"13":2,"14":2,"15":2,"16":2,"18":1,"19":1,"21":1,"22":2,"23":2,"25":2,"26":1,"27":1,"28":1,"30":1,"31":2,"32":2,"33":2,"34":2,"35":2,"36":2,"38":2,"39":2,"40":2,"41":2,"44":1,"45":1,"46":1,"48":1,"49":1,"50":1,"52":1,"53":1,"55":1,"56":2,"57":2,"58":4,"59":4,"60":2,"61":2,"62":1,"63":1},"branchMap":{"0":{"type":"branch","line":3,"loc":{"start":{"line":3,"column":7},"end":{"line":20,"column":1}},"locations":[{"start":{"line":3,"column":7},"end":{"line":20,"column":1}}]},"1":{"type":"branch","line":5,"loc":{"start":{"line":5,"column":13},"end":{"line":5,"column":20}},"locations":[{"start":{"line":5,"column":13},"end":{"line":5,"column":20}}]},"2":{"type":"branch","line":5,"loc":{"start":{"line":5,"column":13},"end":{"line":7,"column":44}},"locations":[{"start":{"line":5,"column":13},"end":{"line":7,"column":44}}]},"3":{"type":"branch","line":7,"loc":{"start":{"line":7,"column":44},"end":{"line":20,"column":1}},"locations":[{"start":{"line":7,"column":44},"end":{"line":20,"column":1}}]},"4":{"type":"branch","line":12,"loc":{"start":{"line":12,"column":33},"end":{"line":17,"column":115}},"locations":[{"start":{"line":12,"column":33},"end":{"line":17,"column":115}}]},"5":{"type":"branch","line":16,"loc":{"start":{"line":16,"column":115},"end":{"line":16,"column":133}},"locations":[{"start":{"line":16,"column":115},"end":{"line":16,"column":133}}]},"6":{"type":"branch","line":22,"loc":{"start":{"line":22,"column":7},"end":{"line":47,"column":1}},"locations":[{"start":{"line":22,"column":7},"end":{"line":47,"column":1}}]},"7":{"type":"branch","line":24,"loc":{"start":{"line":24,"column":15},"end":{"line":24,"column":22}},"locations":[{"start":{"line":24,"column":15},"end":{"line":24,"column":22}}]},"8":{"type":"branch","line":26,"loc":{"start":{"line":26,"column":44},"end":{"line":47,"column":1}},"locations":[{"start":{"line":26,"column":44},"end":{"line":47,"column":1}}]},"9":{"type":"branch","line":31,"loc":{"start":{"line":31,"column":30},"end":{"line":45,"column":5}},"locations":[{"start":{"line":31,"column":30},"end":{"line":45,"column":5}}]},"10":{"type":"branch","line":32,"loc":{"start":{"line":32,"column":33},"end":{"line":32,"column":59}},"locations":[{"start":{"line":32,"column":33},"end":{"line":32,"column":59}}]},"11":{"type":"branch","line":32,"loc":{"start":{"line":32,"column":47},"end":{"line":32,"column":88}},"locations":[{"start":{"line":32,"column":47},"end":{"line":32,"column":88}}]},"12":{"type":"branch","line":33,"loc":{"start":{"line":33,"column":35},"end":{"line":33,"column":58}},"locations":[{"start":{"line":33,"column":35},"end":{"line":33,"column":58}}]},"13":{"type":"branch","line":33,"loc":{"start":{"line":33,"column":49},"end":{"line":33,"column":84}},"locations":[{"start":{"line":33,"column":49},"end":{"line":33,"column":84}}]},"14":{"type":"branch","line":35,"loc":{"start":{"line":35,"column":36},"end":{"line":35,"column":59}},"locations":[{"start":{"line":35,"column":36},"end":{"line":35,"column":59}}]},"15":{"type":"branch","line":35,"loc":{"start":{"line":35,"column":50},"end":{"line":35,"column":70}},"locations":[{"start":{"line":35,"column":50},"end":{"line":35,"column":70}}]},"16":{"type":"branch","line":36,"loc":{"start":{"line":36,"column":32},"end":{"line":36,"column":51}},"locations":[{"start":{"line":36,"column":32},"end":{"line":36,"column":51}}]},"17":{"type":"branch","line":36,"loc":{"start":{"line":36,"column":62},"end":{"line":36,"column":80}},"locations":[{"start":{"line":36,"column":62},"end":{"line":36,"column":80}}]},"18":{"type":"branch","line":49,"loc":{"start":{"line":49,"column":7},"end":{"line":64,"column":1}},"locations":[{"start":{"line":49,"column":7},"end":{"line":64,"column":1}}]},"19":{"type":"branch","line":51,"loc":{"start":{"line":51,"column":20},"end":{"line":51,"column":27}},"locations":[{"start":{"line":51,"column":20},"end":{"line":51,"column":27}}]},"20":{"type":"branch","line":54,"loc":{"start":{"line":54,"column":30},"end":{"line":54,"column":37}},"locations":[{"start":{"line":54,"column":30},"end":{"line":54,"column":37}}]},"21":{"type":"branch","line":56,"loc":{"start":{"line":56,"column":23},"end":{"line":62,"column":4}},"locations":[{"start":{"line":56,"column":23},"end":{"line":62,"column":4}}]},"22":{"type":"branch","line":58,"loc":{"start":{"line":58,"column":24},"end":{"line":61,"column":7}},"locations":[{"start":{"line":58,"column":24},"end":{"line":61,"column":7}}]},"23":{"type":"branch","line":59,"loc":{"start":{"line":59,"column":36},"end":{"line":59,"column":47}},"locations":[{"start":{"line":59,"column":36},"end":{"line":59,"column":47}}]},"24":{"type":"branch","line":60,"loc":{"start":{"line":60,"column":50},"end":{"line":60,"column":59}},"locations":[{"start":{"line":60,"column":50},"end":{"line":60,"column":59}}]},"25":{"type":"branch","line":60,"loc":{"start":{"line":60,"column":54},"end":{"line":60,"column":66}},"locations":[{"start":{"line":60,"column":54},"end":{"line":60,"column":66}}]}},"b":{"0":[3],"1":[1],"2":[2],"3":[1],"4":[2],"5":[0],"6":[2],"7":[0],"8":[1],"9":[2],"10":[1],"11":[1],"12":[1],"13":[1],"14":[1],"15":[0],"16":[0],"17":[0],"18":[1],"19":[0],"20":[0],"21":[2],"22":[4],"23":[0],"24":[2],"25":[2]},"fnMap":{"0":{"name":"renderWorkGrid","decl":{"start":{"line":3,"column":7},"end":{"line":20,"column":1}},"loc":{"start":{"line":3,"column":7},"end":{"line":20,"column":1}},"line":3},"1":{"name":"renderLogList","decl":{"start":{"line":22,"column":7},"end":{"line":47,"column":1}},"loc":{"start":{"line":22,"column":7},"end":{"line":47,"column":1}},"line":22},"2":{"name":"initWorkFilter","decl":{"start":{"line":49,"column":7},"end":{"line":64,"column":1}},"loc":{"start":{"line":49,"column":7},"end":{"line":64,"column":1}},"line":49},"3":{"name":"handleFilter","decl":{"start":{"line":56,"column":23},"end":{"line":62,"column":4}},"loc":{"start":{"line":56,"column":23},"end":{"line":62,"column":4}},"line":56}},"f":{"0":3,"1":2,"2":1,"3":2}}
,"/app/src/lib/state.ts": {"path":"/app/src/lib/state.ts","all":false,"statementMap":{"7":{"start":{"line":8,"column":0},"end":{"line":8,"column":36}},"8":{"start":{"line":9,"column":0},"end":{"line":9,"column":69}},"9":{"start":{"line":10,"column":0},"end":{"line":10,"column":23}},"10":{"start":{"line":11,"column":0},"end":{"line":11,"column":92}},"11":{"start":{"line":12,"column":0},"end":{"line":12,"column":41}},"12":{"start":{"line":13,"column":0},"end":{"line":13,"column":3}},"13":{"start":{"line":14,"column":0},"end":{"line":14,"column":1}},"19":{"start":{"line":20,"column":0},"end":{"line":20,"column":40}},"20":{"start":{"line":21,"column":0},"end":{"line":21,"column":62}},"21":{"start":{"line":22,"column":0},"end":{"line":22,"column":7}},"22":{"start":{"line":23,"column":0},"end":{"line":23,"column":42}},"23":{"start":{"line":24,"column":0},"end":{"line":24,"column":15}},"24":{"start":{"line":25,"column":0},"end":{"line":25,"column":86}},"25":{"start":{"line":26,"column":0},"end":{"line":26,"column":3}},"26":{"start":{"line":27,"column":0},"end":{"line":27,"column":61}},"27":{"start":{"line":28,"column":0},"end":{"line":28,"column":39}},"28":{"start":{"line":29,"column":0},"end":{"line":29,"column":1}},"34":{"start":{"line":35,"column":0},"end":{"line":35,"column":45}},"35":{"start":{"line":36,"column":0},"end":{"line":36,"column":63}},"36":{"start":{"line":37,"column":0},"end":{"line":37,"column":60}},"37":{"start":{"line":38,"column":0},"end":{"line":38,"column":19}},"38":{"start":{"line":39,"column":0},"end":{"line":39,"column":53}},"39":{"start":{"line":40,"column":0},"end":{"line":40,"column":3}},"40":{"start":{"line":41,"column":0},"end":{"line":41,"column":7}},"41":{"start":{"line":42,"column":0},"end":{"line":42,"column":52}},"42":{"start":{"line":43,"column":0},"end":{"line":43,"column":15}},"43":{"start":{"line":44,"column":0},"end":{"line":44,"column":86}},"44":{"start":{"line":45,"column":0},"end":{"line":45,"column":3}},"45":{"start":{"line":46,"column":0},"end":{"line":46,"column":69}},"46":{"start":{"line":47,"column":0},"end":{"line":47,"column":1}},"51":{"start":{"line":52,"column":0},"end":{"line":52,"column":34}},"52":{"start":{"line":53,"column":0},"end":{"line":53,"column":9}},"53":{"start":{"line":54,"column":0},"end":{"line":54,"column":70}},"54":{"start":{"line":55,"column":0},"end":{"line":55,"column":79}},"55":{"start":{"line":56,"column":0},"end":{"line":56,"column":31}},"56":{"start":{"line":57,"column":0},"end":{"line":57,"column":29}},"57":{"start":{"line":58,"column":0},"end":{"line":58,"column":9}},"58":{"start":{"line":59,"column":0},"end":{"line":59,"column":17}},"59":{"start":{"line":60,"column":0},"end":{"line":60,"column":55}},"60":{"start":{"line":61,"column":0},"end":{"line":61,"column":5}},"61":{"start":{"line":62,"column":0},"end":{"line":62,"column":33}},"62":{"start":{"line":63,"column":0},"end":{"line":63,"column":20}},"63":{"start":{"line":64,"column":0},"end":{"line":64,"column":1}},"68":{"start":{"line":69,"column":0},"end":{"line":69,"column":37}},"69":{"start":{"line":70,"column":0},"end":{"line":70,"column":9}},"70":{"start":{"line":71,"column":0},"end":{"line":71,"column":55}},"71":{"start":{"line":72,"column":0},"end":{"line":72,"column":44}},"72":{"start":{"line":73,"column":0},"end":{"line":73,"column":24}},"73":{"start":{"line":74,"column":0},"end":{"line":74,"column":22}},"74":{"start":{"line":75,"column":0},"end":{"line":75,"column":17}},"75":{"start":{"line":76,"column":0},"end":{"line":76,"column":55}},"76":{"start":{"line":77,"column":0},"end":{"line":77,"column":5}},"77":{"start":{"line":78,"column":0},"end":{"line":78,"column":30}},"78":{"start":{"line":79,"column":0},"end":{"line":79,"column":17}},"79":{"start":{"line":80,"column":0},"end":{"line":80,"column":1}}},"s":{"7":16,"8":16,"9":16,"10":16,"11":16,"12":16,"13":16,"19":1,"20":7,"21":7,"22":7,"23":7,"24":2,"25":2,"26":7,"27":7,"28":7,"34":1,"35":9,"36":9,"37":9,"38":9,"39":9,"40":9,"41":9,"42":9,"43":2,"44":2,"45":9,"46":9,"51":1,"52":3,"53":3,"54":3,"55":1,"56":1,"57":1,"58":3,"59":1,"60":1,"61":2,"62":2,"63":2,"68":1,"69":3,"70":3,"71":3,"72":3,"73":3,"74":3,"75":1,"76":1,"77":1,"78":1,"79":1},"branchMap":{"0":{"type":"branch","line":8,"loc":{"start":{"line":8,"column":0},"end":{"line":14,"column":1}},"locations":[{"start":{"line":8,"column":0},"end":{"line":14,"column":1}}]},"1":{"type":"branch","line":20,"loc":{"start":{"line":20,"column":7},"end":{"line":29,"column":1}},"locations":[{"start":{"line":20,"column":7},"end":{"line":29,"column":1}}]},"2":{"type":"branch","line":24,"loc":{"start":{"line":24,"column":2},"end":{"line":26,"column":3}},"locations":[{"start":{"line":24,"column":2},"end":{"line":26,"column":3}}]},"3":{"type":"branch","line":27,"loc":{"start":{"line":27,"column":31},"end":{"line":27,"column":53}},"locations":[{"start":{"line":27,"column":31},"end":{"line":27,"column":53}}]},"4":{"type":"branch","line":27,"loc":{"start":{"line":27,"column":42},"end":{"line":27,"column":61}},"locations":[{"start":{"line":27,"column":42},"end":{"line":27,"column":61}}]},"5":{"type":"branch","line":35,"loc":{"start":{"line":35,"column":7},"end":{"line":47,"column":1}},"locations":[{"start":{"line":35,"column":7},"end":{"line":47,"column":1}}]},"6":{"type":"branch","line":43,"loc":{"start":{"line":43,"column":2},"end":{"line":45,"column":3}},"locations":[{"start":{"line":43,"column":2},"end":{"line":45,"column":3}}]},"7":{"type":"branch","line":46,"loc":{"start":{"line":46,"column":11},"end":{"line":46,"column":46}},"locations":[{"start":{"line":46,"column":11},"end":{"line":46,"column":46}}]},"8":{"type":"branch","line":46,"loc":{"start":{"line":46,"column":23},"end":{"line":46,"column":67}},"locations":[{"start":{"line":46,"column":23},"end":{"line":46,"column":67}}]},"9":{"type":"branch","line":52,"loc":{"start":{"line":52,"column":7},"end":{"line":64,"column":1}},"locations":[{"start":{"line":52,"column":7},"end":{"line":64,"column":1}}]},"10":{"type":"branch","line":55,"loc":{"start":{"line":55,"column":12},"end":{"line":55,"column":78}},"locations":[{"start":{"line":55,"column":12},"end":{"line":55,"column":78}}]},"11":{"type":"branch","line":55,"loc":{"start":{"line":55,"column":78},"end":{"line":58,"column":9}},"locations":[{"start":{"line":55,"column":78},"end":{"line":58,"column":9}}]},"12":{"type":"branch","line":59,"loc":{"start":{"line":59,"column":4},"end":{"line":61,"column":5}},"locations":[{"start":{"line":59,"column":4},"end":{"line":61,"column":5}}]},"13":{"type":"branch","line":61,"loc":{"start":{"line":61,"column":4},"end":{"line":64,"column":1}},"locations":[{"start":{"line":61,"column":4},"end":{"line":64,"column":1}}]},"14":{"type":"branch","line":69,"loc":{"start":{"line":69,"column":7},"end":{"line":80,"column":1}},"locations":[{"start":{"line":69,"column":7},"end":{"line":80,"column":1}}]},"15":{"type":"branch","line":75,"loc":{"start":{"line":75,"column":4},"end":{"line":80,"column":1}},"locations":[{"start":{"line":75,"column":4},"end":{"line":80,"column":1}}]}},"b":{"0":[16],"1":[7],"2":[2],"3":[1],"4":[6],"5":[9],"6":[2],"7":[5],"8":[4],"9":[3],"10":[1],"11":[1],"12":[1],"13":[2],"14":[3],"15":[1]},"fnMap":{"0":{"name":"announce","decl":{"start":{"line":8,"column":0},"end":{"line":14,"column":1}},"loc":{"start":{"line":8,"column":0},"end":{"line":14,"column":1}},"line":8},"1":{"name":"setMode","decl":{"start":{"line":20,"column":7},"end":{"line":29,"column":1}},"loc":{"start":{"line":20,"column":7},"end":{"line":29,"column":1}},"line":20},"2":{"name":"setCalm","decl":{"start":{"line":35,"column":7},"end":{"line":47,"column":1}},"loc":{"start":{"line":35,"column":7},"end":{"line":47,"column":1}},"line":35},"3":{"name":"initMode","decl":{"start":{"line":52,"column":7},"end":{"line":64,"column":1}},"loc":{"start":{"line":52,"column":7},"end":{"line":64,"column":1}},"line":52},"4":{"name":"initCalm","decl":{"start":{"line":69,"column":7},"end":{"line":80,"column":1}},"loc":{"start":{"line":69,"column":7},"end":{"line":80,"column":1}},"line":69}},"f":{"0":16,"1":7,"2":9,"3":3,"4":3}}
,"/app/src/lib/types.ts": {"path":"/app/src/lib/types.ts","all":true,"statementMap":{},"s":{},"branchMap":{"0":{"type":"branch","line":1,"loc":{"start":{"line":1,"column":1125},"end":{"line":50,"column":2}},"locations":[{"start":{"line":1,"column":1125},"end":{"line":50,"column":2}}]}},"b":{"0":[1]},"fnMap":{"0":{"name":"(empty-report)","decl":{"start":{"line":1,"column":1125},"end":{"line":50,"column":2}},"loc":{"start":{"line":1,"column":1125},"end":{"line":50,"column":2}},"line":1}},"f":{"0":1}}
,"/app/src/lib/ui.ts": {"path":"/app/src/lib/ui.ts","all":false,"statementMap":{"0":{"start":{"line":1,"column":0},"end":{"line":1,"column":52}},"1":{"start":{"line":2,"column":0},"end":{"line":2,"column":60}},"2":{"start":{"line":3,"column":0},"end":{"line":3,"column":27}},"3":{"start":{"line":4,"column":0},"end":{"line":4,"column":62}},"4":{"start":{"line":5,"column":0},"end":{"line":5,"column":65}},"5":{"start":{"line":6,"column":0},"end":{"line":6,"column":1}}},"s":{"0":1,"1":7,"2":7,"3":6,"4":7,"5":7},"branchMap":{"0":{"type":"branch","line":1,"loc":{"start":{"line":1,"column":7},"end":{"line":6,"column":1}},"locations":[{"start":{"line":1,"column":7},"end":{"line":6,"column":1}}]},"1":{"type":"branch","line":3,"loc":{"start":{"line":3,"column":20},"end":{"line":3,"column":27}},"locations":[{"start":{"line":3,"column":20},"end":{"line":3,"column":27}}]},"2":{"type":"branch","line":3,"loc":{"start":{"line":3,"column":20},"end":{"line":5,"column":53}},"locations":[{"start":{"line":3,"column":20},"end":{"line":5,"column":53}}]},"3":{"type":"branch","line":5,"loc":{"start":{"line":5,"column":42},"end":{"line":5,"column":63}},"locations":[{"start":{"line":5,"column":42},"end":{"line":5,"column":63}}]}},"b":{"0":[7],"1":[1],"2":[6],"3":[2]},"fnMap":{"0":{"name":"toggleHelpSheet","decl":{"start":{"line":1,"column":7},"end":{"line":6,"column":1}},"loc":{"start":{"line":1,"column":7},"end":{"line":6,"column":1}},"line":1}},"f":{"0":7}}
,"/app/src/scripts/app.ts": {"path":"/app/src/scripts/app.ts","all":true,"statementMap":{"0":{"start":{"line":1,"column":0},"end":{"line":1,"column":49}},"2":{"start":{"line":3,"column":0},"end":{"line":3,"column":68}},"3":{"start":{"line":4,"column":0},"end":{"line":4,"column":56}},"4":{"start":{"line":5,"column":0},"end":{"line":5,"column":44}},"5":{"start":{"line":6,"column":0},"end":{"line":6,"column":81}},"8":{"start":{"line":9,"column":0},"end":{"line":9,"column":19}},"9":{"start":{"line":10,"column":0},"end":{"line":10,"column":46}},"12":{"start":{"line":13,"column":0},"end":{"line":13,"column":87}},"13":{"start":{"line":14,"column":0},"end":{"line":14,"column":58}},"14":{"start":{"line":15,"column":0},"end":{"line":15,"column":56}},"18":{"start":{"line":19,"column":0},"end":{"line":19,"column":17}},"20":{"start":{"line":21,"column":0},"end":{"line":21,"column":22}},"21":{"start":{"line":22,"column":0},"end":{"line":22,"column":13}},"24":{"start":{"line":25,"column":0},"end":{"line":25,"column":19}},"25":{"start":{"line":26,"column":0},"end":{"line":26,"column":12}},"26":{"start":{"line":27,"column":0},"end":{"line":27,"column":41}},"27":{"start":{"line":28,"column":0},"end":{"line":28,"column":30}},"28":{"start":{"line":29,"column":0},"end":{"line":29,"column":24}},"29":{"start":{"line":30,"column":0},"end":{"line":30,"column":6}},"30":{"start":{"line":31,"column":0},"end":{"line":31,"column":20}},"31":{"start":{"line":32,"column":0},"end":{"line":32,"column":31}},"32":{"start":{"line":33,"column":0},"end":{"line":33,"column":4}},"35":{"start":{"line":36,"column":0},"end":{"line":36,"column":56}},"36":{"start":{"line":37,"column":0},"end":{"line":37,"column":53}},"38":{"start":{"line":39,"column":0},"end":{"line":39,"column":33}},"39":{"start":{"line":40,"column":0},"end":{"line":40,"column":44}},"40":{"start":{"line":41,"column":0},"end":{"line":41,"column":59}},"41":{"start":{"line":42,"column":0},"end":{"line":42,"column":50}},"42":{"start":{"line":43,"column":0},"end":{"line":43,"column":7}},"43":{"start":{"line":44,"column":0},"end":{"line":44,"column":5}},"45":{"start":{"line":46,"column":0},"end":{"line":46,"column":72}},"47":{"start":{"line":48,"column":0},"end":{"line":48,"column":47}},"48":{"start":{"line":49,"column":0},"end":{"line":49,"column":65}},"49":{"start":{"line":50,"column":0},"end":{"line":50,"column":5}},"52":{"start":{"line":53,"column":0},"end":{"line":53,"column":34}},"53":{"start":{"line":54,"column":0},"end":{"line":54,"column":32}},"56":{"start":{"line":57,"column":0},"end":{"line":57,"column":19}},"57":{"start":{"line":58,"column":0},"end":{"line":58,"column":1}},"60":{"start":{"line":61,"column":0},"end":{"line":61,"column":40}},"61":{"start":{"line":62,"column":0},"end":{"line":62,"column":54}},"62":{"start":{"line":63,"column":0},"end":{"line":63,"column":8}},"63":{"start":{"line":64,"column":0},"end":{"line":64,"column":9}},"64":{"start":{"line":65,"column":0},"end":{"line":65,"column":1}}},"s":{"0":0,"2":0,"3":0,"4":0,"5":0,"8":0,"9":0,"12":0,"13":0,"14":0,"18":0,"20":0,"21":0,"24":0,"25":0,"26":0,"27":0,"28":0,"29":0,"30":0,"31":0,"32":0,"35":0,"36":0,"38":0,"39":0,"40":0,"41":0,"42":0,"43":0,"45":0,"47":0,"48":0,"49":0,"52":0,"53":0,"56":0,"57":0,"60":0,"61":0,"62":0,"63":0,"64":0},"branchMap":{"0":{"type":"branch","line":1,"loc":{"start":{"line":1,"column":0},"end":{"line":65,"column":-224}},"locations":[{"start":{"line":1,"column":0},"end":{"line":65,"column":-224}}]}},"b":{"0":[0]},"fnMap":{"0":{"name":"(empty-report)","decl":{"start":{"line":1,"column":0},"end":{"line":65,"column":-224}},"loc":{"start":{"line":1,"column":0},"end":{"line":65,"column":-224}},"line":1}},"f":{"0":0}}
}
